proguard/seeds.txt
com.android.deskclock.Alarm
com.android.deskclock.Alarm: android.os.Parcelable$Creator CREATOR
com.android.deskclock.AlarmAlert
com.android.deskclock.AlarmAlert: AlarmAlert()
com.android.deskclock.AlarmAlertFullScreen
com.android.deskclock.AlarmAlertFullScreen: AlarmAlertFullScreen()
com.android.deskclock.AlarmInitReceiver
com.android.deskclock.AlarmInitReceiver: AlarmInitReceiver()
com.android.deskclock.AlarmKlaxon
com.android.deskclock.AlarmKlaxon: AlarmKlaxon()
com.android.deskclock.AlarmPhoneListenerService
com.android.deskclock.AlarmPhoneListenerService: AlarmPhoneListenerService()
com.android.deskclock.AlarmPreference
com.android.deskclock.AlarmPreference: AlarmPreference(android.content.Context,android.util.AttributeSet)
com.android.deskclock.AlarmProvider
com.android.deskclock.AlarmProvider: AlarmProvider()
com.android.deskclock.AlarmReceiver
com.android.deskclock.AlarmReceiver: AlarmReceiver()
com.android.deskclock.AndroidClockTextView
com.android.deskclock.AndroidClockTextView: AndroidClockTextView(android.content.Context)
com.android.deskclock.AndroidClockTextView: AndroidClockTextView(android.content.Context,android.util.AttributeSet)
com.android.deskclock.AutoCompleteTextViewActivity
com.android.deskclock.AutoCompleteTextViewActivity: AutoCompleteTextViewActivity()
com.android.deskclock.DeskClockPager
com.android.deskclock.DeskClockPager: DeskClockPager(android.content.Context)
com.android.deskclock.DeskClockPager: DeskClockPager(android.content.Context,android.util.AttributeSet)
com.android.deskclock.DeskClockTabActivity
com.android.deskclock.DeskClockTabActivity: DeskClockTabActivity()
com.android.deskclock.DigitalClock
com.android.deskclock.DigitalClock: DigitalClock(android.content.Context)
com.android.deskclock.DigitalClock: DigitalClock(android.content.Context,android.util.AttributeSet)
com.android.deskclock.DontPressWithParentLayout
com.android.deskclock.DontPressWithParentLayout: DontPressWithParentLayout(android.content.Context,android.util.AttributeSet)
com.android.deskclock.HandleSetAlarm
com.android.deskclock.HandleSetAlarm: HandleSetAlarm()
com.android.deskclock.MTKRepeatPreference
com.android.deskclock.MTKRepeatPreference: MTKRepeatPreference(android.content.Context,android.util.AttributeSet)
com.android.deskclock.PackageDataClearedReceiver
com.android.deskclock.PackageDataClearedReceiver: PackageDataClearedReceiver()
com.android.deskclock.PoweroffAlarmReceiver
com.android.deskclock.PoweroffAlarmReceiver: PoweroffAlarmReceiver()
com.android.deskclock.RepeatPreference
com.android.deskclock.RepeatPreference: RepeatPreference(android.content.Context,android.util.AttributeSet)
com.android.deskclock.SetAlarm
com.android.deskclock.SetAlarm: SetAlarm()
com.android.deskclock.SettingsActivity
com.android.deskclock.SettingsActivity: SettingsActivity()
com.android.deskclock.StopwatchChronometer
com.android.deskclock.StopwatchChronometer: StopwatchChronometer(android.content.Context)
com.android.deskclock.StopwatchChronometer: StopwatchChronometer(android.content.Context,android.util.AttributeSet)
com.android.deskclock.TimezoneAnalogClock
com.android.deskclock.TimezoneAnalogClock: TimezoneAnalogClock(android.content.Context)
com.android.deskclock.TimezoneAnalogClock: TimezoneAnalogClock(android.content.Context,android.util.AttributeSet)
com.android.deskclock.TimezoneAnalogClock: TimezoneAnalogClock(android.content.Context,android.util.AttributeSet,int)
com.android.deskclock.TimezoneSearchView
com.android.deskclock.TimezoneSearchView: TimezoneSearchView()
com.android.deskclock.WatchDial
com.android.deskclock.WatchDial: WatchDial(android.content.Context)
com.android.deskclock.WatchDial: WatchDial(android.content.Context,android.util.AttributeSet)
com.android.deskclock.WatchDial: WatchDial(android.content.Context,android.util.AttributeSet,int)
...
android.support.v13.dreams.BasicDream
android.support.v4.app.BackStackState
android.support.v4.app.BackStackState: android.os.Parcelable$Creator CREATOR
android.support.v4.app.Fragment$SavedState
android.support.v4.app.Fragment$SavedState: android.os.Parcelable$Creator CREATOR
android.support.v4.app.FragmentActivity
android.support.v4.app.FragmentManagerState
android.support.v4.app.FragmentManagerState: android.os.Parcelable$Creator CREATOR
android.support.v4.app.FragmentState
android.support.v4.app.FragmentState: android.os.Parcelable$Creator CREATOR
android.support.v4.content.ModernAsyncTask$Status: android.support.v4.content.ModernAsyncTask$Status[] values()
android.support.v4.content.ModernAsyncTask$Status: android.support.v4.content.ModernAsyncTask$Status valueOf(java.lang.String)
android.support.v4.view.ViewPager: ViewPager(android.content.Context)
android.support.v4.view.ViewPager: ViewPager(android.content.Context,android.util.AttributeSet)
android.support.v4.view.ViewPager$SavedState
android.support.v4.view.ViewPager$SavedState: android.os.Parcelable$Creator CREATOR
com.android.alarmclock.AnalogAppWidgetProvider
com.android.alarmclock.AnalogAppWidgetProvider: AnalogAppWidgetProvider()
com.umeng.analytics.Gender: com.umeng.analytics.Gender[] values()
com.umeng.analytics.Gender: com.umeng.analytics.Gender valueOf(java.lang.String)
com.umeng.common.net.DownloadingService
com.umeng.common.net.o$a: com.umeng.common.net.o$a[] values()
com.umeng.common.net.o$a: com.umeng.common.net.o$a valueOf(java.lang.String)
com.umeng.common.net.p$b: com.umeng.common.net.p$b[] values()
com.umeng.common.net.p$b: com.umeng.common.net.p$b valueOf(java.lang.String)