proguard/mapping.txt
com.android.deskclock.Alarm -> com.android.deskclock.Alarm:
    android.os.Parcelable$Creator CREATOR -> CREATOR
    int id -> a
    boolean enabled -> b
    int hour -> c
    int minutes -> d
    com.android.deskclock.Alarm$DaysOfWeek daysOfWeek -> e
    long time -> f
    boolean vibrate -> g
    java.lang.String label -> h
    android.net.Uri alert -> i
    boolean silent -> j
    int describeContents() -> describeContents
    void writeToParcel(android.os.Parcel,int) -> writeToParcel
    java.lang.String getLabelOrDefault(android.content.Context) -> a
    int hashCode() -> hashCode
    boolean equals(java.lang.Object) -> equals
com.android.deskclock.Alarm$1 -> com.android.deskclock.a:
    java.lang.Object createFromParcel(android.os.Parcel) -> createFromParcel
    java.lang.Object[] newArray(int) -> newArray
com.android.deskclock.Alarm$Columns -> com.android.deskclock.b:
    android.net.Uri CONTENT_URI -> a
    java.lang.String[] ALARM_QUERY_COLUMNS -> b
com.android.deskclock.Alarm$DaysOfWeek -> com.android.deskclock.c:
    int[] DAY_MAP -> a
    int mDays -> b
    java.lang.String toString(android.content.Context,boolean) -> a
    boolean isSet(int) -> a
    void set(int,boolean) -> a
    void set(com.android.deskclock.Alarm$DaysOfWeek) -> a
    int getCoded() -> a
    boolean[] getBooleanArray() -> b
    boolean isRepeatSet() -> c
    int getNextAlarm(java.util.Calendar) -> a
com.android.deskclock.AlarmAlert -> com.android.deskclock.AlarmAlert:
    int mKeyguardRetryCount -> b
    android.os.Handler mHandler -> c
    android.content.BroadcastReceiver mScreenOffReceiver -> d
    void onCreate(android.os.Bundle) -> onCreate
    void onDestroy() -> onDestroy
    void onBackPressed() -> onBackPressed
    int getLayoutResId() -> a
    boolean checkRetryCount() -> b
    void access$0(com.android.deskclock.AlarmAlert,android.app.KeyguardManager) -> a
com.android.deskclock.AlarmAlert$1 -> com.android.deskclock.d:
    com.android.deskclock.AlarmAlert this$0 -> a
    void handleMessage(android.os.Message) -> handleMessage
com.android.deskclock.AlarmAlert$2 -> com.android.deskclock.e:
    com.android.deskclock.AlarmAlert this$0 -> a
    void onReceive(android.content.Context,android.content.Intent) -> onReceive
com.android.deskclock.AlarmAlertFullScreen -> com.android.deskclock.AlarmAlertFullScreen:
    com.android.deskclock.Alarm mAlarm -> a
    int mVolumeBehavior -> b
    boolean mBootFromPoweroffAlarm -> c
    boolean mIsPoweroffAlarm -> d
    android.view.LayoutInflater mInflater -> e
    android.app.AlertDialog mAlertDialog -> f
    android.content.BroadcastReceiver mReceiver -> g
    void onCreate(android.os.Bundle) -> onCreate
    void killTimerAlert() -> b
    void setTitle() -> c
    int getLayoutResId() -> a
    void closeFullScreenView() -> d
    void snooze() -> e
    android.app.NotificationManager getNotificationManager() -> f
    void dismiss(boolean) -> a
    void stopPlayAlarm() -> g
    void shutDown() -> h
    void onNewIntent(android.content.Intent) -> onNewIntent
    void onResume() -> onResume
    void onDestroy() -> onDestroy
    boolean dispatchKeyEvent(android.view.KeyEvent) -> dispatchKeyEvent
    void onBackPressed() -> onBackPressed
    void enablePowerKey() -> i
    void setButtonCannotClick() -> j
    boolean onKeyDown(int,android.view.KeyEvent) -> onKeyDown
    void access$0(com.android.deskclock.AlarmAlertFullScreen) -> a
    void access$1(com.android.deskclock.AlarmAlertFullScreen,boolean) -> a
    boolean access$2(com.android.deskclock.AlarmAlertFullScreen) -> b
    boolean access$3(com.android.deskclock.AlarmAlertFullScreen) -> c
    void access$4(com.android.deskclock.AlarmAlertFullScreen) -> d
com.android.deskclock.AlarmAlertFullScreen$1 -> com.android.deskclock.f:
    com.android.deskclock.AlarmAlertFullScreen this$0 -> a
    void onReceive(android.content.Context,android.content.Intent) -> onReceive
...
android.support.v4.app.FragmentState -> android.support.v4.app.FragmentState:
    java.lang.String mClassName -> a
    int mIndex -> b
    boolean mFromLayout -> c
    int mFragmentId -> d
    int mContainerId -> e
    java.lang.String mTag -> f
    boolean mRetainInstance -> g
    boolean mDetached -> h
    android.os.Bundle mArguments -> i
    android.os.Bundle mSavedFragmentState -> j
    android.support.v4.app.Fragment mInstance -> k
    android.os.Parcelable$Creator CREATOR -> CREATOR
    android.support.v4.app.Fragment instantiate(android.support.v4.app.FragmentActivity) -> a
    int describeContents() -> describeContents
    void writeToParcel(android.os.Parcel,int) -> writeToParcel
android.support.v4.app.FragmentState$1 -> android.support.v4.app.n:
    java.lang.Object[] newArray(int) -> newArray
    java.lang.Object createFromParcel(android.os.Parcel) -> createFromParcel
android.support.v4.app.FragmentTransaction -> android.support.v4.app.o:
android.support.v4.app.LoaderManager -> android.support.v4.app.p:
    boolean hasRunningLoaders() -> a
android.support.v4.app.LoaderManager$LoaderCallbacks -> android.support.v4.app.q:
    android.support.v4.content.Loader onCreateLoader$e57f803() -> a
android.support.v4.app.LoaderManagerImpl -> android.support.v4.app.r:
    boolean DEBUG -> a
    android.support.v4.util.SparseArrayCompat mLoaders -> b
    android.support.v4.util.SparseArrayCompat mInactiveLoaders -> c
    android.support.v4.app.FragmentActivity mActivity -> d
    boolean mStarted -> e
    boolean mRetaining -> f
    void updateActivity(android.support.v4.app.FragmentActivity) -> a
    void doStart() -> b
    void doStop() -> c
    void doRetain() -> d
    void finishRetain() -> e
    void doReportNextStart() -> f
    void doReportStart() -> g
    void doDestroy() -> h
    java.lang.String toString() -> toString
    void dump$ec96877$79f041d6(java.lang.String,java.io.PrintWriter) -> a
    boolean hasRunningLoaders() -> a
android.support.v4.app.LoaderManagerImpl$LoaderInfo -> android.support.v4.app.s:
    int mId -> a
    android.os.Bundle mArgs -> b
    android.support.v4.app.LoaderManager$LoaderCallbacks mCallbacks -> c
    android.support.v4.content.Loader mLoader -> d
    boolean mHaveData -> e
    boolean mDeliveredData -> f
    java.lang.Object mData -> g
    boolean mStarted -> h
    boolean mRetaining -> i
    boolean mRetainingStarted -> j
    boolean mReportNextStart -> k
    boolean mDestroyed -> l
    boolean mListenerRegistered -> m
    android.support.v4.app.LoaderManagerImpl$LoaderInfo mPendingLoader -> n
    android.support.v4.app.LoaderManagerImpl this$0 -> o
    void stop() -> a
    void destroy() -> b
    void callOnLoadFinished(android.support.v4.content.Loader,java.lang.Object) -> a
    java.lang.String toString() -> toString
    void dump$ec96877$79f041d6(java.lang.String,java.io.PrintWriter) -> a
android.support.v4.app.NoSaveStateFrameLayout -> android.support.v4.app.t:
    android.view.ViewGroup wrap(android.view.View) -> a
    void dispatchSaveInstanceState(android.util.SparseArray) -> dispatchSaveInstanceState
    void dispatchRestoreInstanceState(android.util.SparseArray) -> dispatchRestoreInstanceState
android.support.v4.app.SuperNotCalledException -> android.support.v4.app.u:
android.support.v4.content.Loader -> android.support.v4.a.a:
    int mId -> a
    android.support.v4.content.Loader$OnLoadCompleteListener mListener -> b
    boolean mStarted -> c
    boolean mAbandoned -> d
    boolean mReset -> e
    boolean mContentChanged -> f
    void registerListener(int,android.support.v4.content.Loader$OnLoadCompleteListener) -> a
    void unregisterListener(android.support.v4.content.Loader$OnLoadCompleteListener) -> a
    void startLoading() -> a
    void stopLoading() -> b
    void reset() -> c
    java.lang.String toString() -> toString
    void dump$ec96877(java.lang.String,java.io.PrintWriter) -> a
android.support.v4.content.Loader$OnLoadCompleteListener -> android.support.v4.a.b: