proguard/usage.txt
com.android.deskclock.Alarm$Columns:
    public static final java.lang.String HOUR
    public static final java.lang.String MINUTES
    public static final java.lang.String DAYS_OF_WEEK
    public static final java.lang.String ALARM_TIME
    public static final java.lang.String ENABLED
    public static final java.lang.String VIBRATE
    public static final java.lang.String MESSAGE
    public static final java.lang.String ALERT
    public static final java.lang.String DEFAULT_SORT_ORDER
    public static final java.lang.String WHERE_ENABLED
    public static final int ALARM_ID_INDEX
    public static final int ALARM_HOUR_INDEX
    public static final int ALARM_MINUTES_INDEX
    public static final int ALARM_DAYS_OF_WEEK_INDEX
    public static final int ALARM_TIME_INDEX
    public static final int ALARM_ENABLED_INDEX
    public static final int ALARM_VIBRATE_INDEX
    public static final int ALARM_MESSAGE_INDEX
    public static final int ALARM_ALERT_INDEX
    70:70:public Alarm$Columns()
com.android.deskclock.AlarmAlert:
    private static final int MAX_KEYGUARD_CHECKS
com.android.deskclock.AlarmAlertFullScreen:
    private static final java.lang.String CLOSE_FULLSCREEN_VIEW
    private static final java.lang.String DEFAULT_SNOOZE
    private static final int DELAY_TIME_SECONDS
    private static final int DELAY_FINISH_TIME
    private static final int PRIORITY
    private static final java.lang.String DEFAULT_VOLUME_BEHAVIOR
    private static final java.lang.String DEFAULT_POWER_ON_VOLUME_BEHAVIOR
    private static final java.lang.String KEY_VOLUME_BEHAVIOR
    private static final java.lang.String POWER_ON_VOLUME_BEHAVIOR_PREFERENCES
    private static final java.lang.String POWER_OFF_FROM_ALARM
    protected static final java.lang.String SCREEN_OFF
    private static final java.lang.String ALARM_REQUEST_SHUTDOWN_ACTION
    private static final java.lang.String NORMAL_SHUTDOWN_ACTION
    private static final java.lang.String NORMAL_BOOT_ACTION
    private static final java.lang.String DISABLE_POWER_KEY_ACTION
    private static final java.lang.String NORMAL_BOOT_DONE_ACTION
    boolean mFullscreenStyle
com.android.deskclock.AlarmAlertWakeLock:
    private static final java.lang.String AlarmAlert
    26:26:AlarmAlertWakeLock()
com.android.deskclock.AlarmClock:
    static final java.lang.String PREFERENCES
    static final java.lang.String NEAREST_ALARM_PREFERENCES
    static final boolean DEBUG
    215:216:private void showSettingMenu()
com.android.deskclock.AlarmInitReceiver:
    private static final java.lang.String IPO_BOOT_ACTION
com.android.deskclock.AlarmKlaxon:
    private static final java.lang.String DEFAULT_ALARM_TIMEOUT
    private static final int MOUNT_TIMEOUT_SECONDS
    private static final int GIMINI_SIM_1
    private static final int GIMINI_SIM_2
    private static final int MAX_RETRY_COUNT
    private android.content.Context mContext
    private static final int KILLER
    private static final int DELAY_TO_PLAY
    private static final java.lang.String POWER_OFF_FROM_ALARM
    private static final float IN_CALL_VOLUME
com.android.deskclock.AlarmPhoneListenerService:
    private static final int GIMINI_SIM_1
    private static final int GIMINI_SIM_2
    private static final int DELAY_START_ALARM
com.android.deskclock.AlarmProvider:
    private static final int ALARM
    private static final int ALARM_ID
    private static final int WORLDCLOCK
    private static final int WORLDCLOCK_ID
    private static final int STOPWATCH
    private static final int STOPWATCH_ID
com.android.deskclock.AlarmReceiver:
    private static final int STALE_WINDOW
    private static final int GIMINI_SIM_1
    private static final int GIMINI_SIM_2
    private static final java.lang.String ALARM_PHONE_LISTENER
com.android.deskclock.AlarmSQLite:
    private static final int VERSION
    39:43:android.net.Uri AlarmInsert(android.content.ContentValues)
com.android.deskclock.AlarmUri
...
android.support.v4.widget.SearchViewCompat$SearchViewCompatHoneycombImpl
android.support.v4.widget.SearchViewCompat$SearchViewCompatHoneycombImpl$1
android.support.v4.widget.SearchViewCompat$SearchViewCompatImpl
android.support.v4.widget.SearchViewCompat$SearchViewCompatStubImpl
android.support.v4.widget.SearchViewCompatHoneycomb
android.support.v4.widget.SearchViewCompatHoneycomb$1
android.support.v4.widget.SearchViewCompatHoneycomb$OnQueryTextListenerCompatBridge
android.support.v4.widget.SimpleCursorAdapter
android.support.v4.widget.SimpleCursorAdapter$CursorToStringConverter
android.support.v4.widget.SimpleCursorAdapter$ViewBinder
com.android.alarmclock.AnalogAppWidgetProvider:
    static final java.lang.String TAG
com.mediatek.deskclock.ext.IRepeatPreferenceExtension
com.umeng.analytics.Gender
com.umeng.analytics.MobclickAgent:
    private static synthetic int[] b
    public MobclickAgent()
    public static void setAutoLocation(boolean)
    public static void setSessionContinueMillis(long)
    public static void setEnableEventBuffer(boolean)
    public static void setOnlineConfigureListener(com.umeng.analytics.UmengOnlineConfigureListener)
    static com.umeng.analytics.b a()
    public static void setOpenGLContext(javax.microedition.khronos.opengles.GL10)
    public static void openActivityDurationTrack(boolean)
    public static void setDebugMode(boolean)
    public static void setDefaultReportPolicy(android.content.Context,int)
    public static void onResume(android.content.Context,java.lang.String,java.lang.String)
    public static void onError(android.content.Context,java.lang.String)
    public static void reportError(android.content.Context,java.lang.String)
    public static void flush(android.content.Context)
    public static void onEvent(android.content.Context,java.lang.String)
    public static void onEvent(android.content.Context,java.lang.String,int)
    public static void onEvent(android.content.Context,java.lang.String,java.lang.String,int)
    public static void onEvent(android.content.Context,java.lang.String,java.lang.String)
    public static void onEvent(android.content.Context,java.lang.String,java.util.Map)
    public static void onEventDuration(android.content.Context,java.lang.String,long)
com.umeng.analytics.MobclickAgentJSInterface
com.umeng.analytics.MobclickAgentJSInterface$a
com.umeng.analytics.ReportPolicy:
    public static final int REALTIME
    public static final int BATCH_AT_LAUNCH
    static final int a
    static final int b
    public static final int DAILY
    public static final int WIFIONLY
    public static final int BATCH_BY_INTERVAL
    static void a(android.content.Context,int)
    static void b(android.content.Context,int,long)
    boolean a()
com.umeng.analytics.a:
    private static final java.lang.String d
com.umeng.analytics.b:
    void a(android.content.Context,java.lang.String)
    void d(android.content.Context)
    void a(android.content.Context,java.lang.String,java.lang.String,long,int)
    void a(android.content.Context,java.lang.String,java.util.Map,long)
    private synchronized void l(android.content.Context)
    private void p(android.content.Context)
    private org.json.JSONArray a(org.json.JSONObject,org.json.JSONArray)
    private java.lang.String q(android.content.Context)
    public void e(android.content.Context)
    private synchronized void e(android.content.Context,java.lang.String)
    void b(android.content.Context,java.lang.String)
    void c(android.content.Context,java.lang.String)
    void a(android.content.Context,java.lang.String,java.lang.String)
    void b(android.content.Context,java.lang.String,java.lang.String)
    void a(android.content.Context,java.lang.String,java.util.Map,java.lang.String)
    void c(android.content.Context,java.lang.String,java.lang.String)
    static synthetic void a(com.umeng.analytics.b,android.content.Context,java.lang.String)